Creating network "convis-main_convis-network" with driver "bridge"
Building api
#0 building with "desktop-linux" instance using docker driver

#1 [internal] load build definition from Dockerfile
#1 transferring dockerfile: 1.04kB done
#1 DONE 0.0s

#2 [internal] load metadata for docker.io/library/python:3.11-slim
#2 ...

#3 [auth] library/python:pull token for registry-1.docker.io
#3 DONE 0.0s

#2 [internal] load metadata for docker.io/library/python:3.11-slim
#2 DONE 2.7s

#4 [internal] load .dockerignore
#4 transferring context: 614B done
#4 DONE 0.0s

#5 [1/7] FROM docker.io/library/python:3.11-slim@sha256:8eb5fc663972b871c528fef04be4eaa9ab8ab4539a5316c4b8c133771214a617
#5 resolve docker.io/library/python:3.11-slim@sha256:8eb5fc663972b871c528fef04be4eaa9ab8ab4539a5316c4b8c133771214a617 0.0s done
#5 DONE 0.0s

#6 [internal] load build context
#6 transferring context: 16.27kB 0.0s done
#6 DONE 0.0s

#7 [4/7] COPY requirements.txt .
#7 CACHED

#8 [3/7] RUN apt-get update && apt-get install -y     build-essential     curl     tesseract-ocr     tesseract-ocr-eng     libgl1     libglib2.0-0     && rm -rf /var/lib/apt/lists/*
#8 CACHED

#9 [6/7] COPY . .
#9 CACHED

#10 [5/7] RUN pip install --no-cache-dir --upgrade pip &&     pip install --no-cache-dir -r requirements.txt
#10 CACHED

#11 [2/7] WORKDIR /app
#11 CACHED

#12 [7/7] RUN mkdir -p uploads/knowledge_base &&     mkdir -p chroma_db
#12 CACHED

#13 exporting to image
#13 exporting layers done
#13 exporting manifest sha256:001c21862c649c91d4ab8b2d3d0a3fff85ca2c8202f6cfd3ec623d8ea32db537 0.0s done
#13 exporting config sha256:c19dc512509a92fdf9ec13e4a7895da67804eea5e047a3aac11436e26acf4411
#13 exporting config sha256:c19dc512509a92fdf9ec13e4a7895da67804eea5e047a3aac11436e26acf4411 0.0s done
#13 exporting attestation manifest sha256:dfef00c4a1930a484b8c63b1948dc6532509d21ce37e46b8a042c5b789b78a75 0.0s done
#13 exporting manifest list sha256:7f30f9ec396dbccde328dc91a38d0458b6cbef263c0e9ddab71120bcf5159c3d 0.0s done
#13 naming to docker.io/library/convis-main_api:latest done
#13 unpacking to docker.io/library/convis-main_api:latest done
#13 DONE 0.1s

View build details: docker-desktop://dashboard/build/desktop-linux/desktop-linux/xmhmiyv96ckwpgme0znhxoeqj
Building web
#0 building with "desktop-linux" instance using docker driver

#1 [internal] load build definition from Dockerfile
#1 transferring dockerfile: 1.02kB done
#1 DONE 0.0s

#2 [internal] load metadata for docker.io/library/node:18-alpine
#2 DONE 1.3s

#3 [builder 1/6] FROM docker.io/library/node:18-alpine@sha256:8d6421d663b4c28fd3ebc498332f249011d118945588d0a35cb9bc4b8ca09d9e
#3 resolve docker.io/library/node:18-alpine@sha256:8d6421d663b4c28fd3ebc498332f249011d118945588d0a35cb9bc4b8ca09d9e 0.0s done
#3 sha256:25ff2da83641908f65c3a74d80409d6b1b62ccfaab220b9ea70b80df5a2e0549 446B / 446B 0.7s done
#3 sha256:1e5a4c89cee5c0826c540ab06d4b6b491c96eda01837f430bd47f0d26702d6e3 1.26MB / 1.26MB 1.1s done
#3 sha256:f18232174bc91741fdf3da96d85011092101a032a93a388b79e99e69c2d5c870 3.64MB / 3.64MB 2.3s done
#3 extracting sha256:f18232174bc91741fdf3da96d85011092101a032a93a388b79e99e69c2d5c870 0.1s done
#3 sha256:dd71dde834b5c203d162902e6b8994cb2309ae049a0eabc4efea161b2b5a3d0e 37.75MB / 40.01MB 4.7s
#3 extracting sha256:dd71dde834b5c203d162902e6b8994cb2309ae049a0eabc4efea161b2b5a3d0e 0.9s done
#3 extracting sha256:1e5a4c89cee5c0826c540ab06d4b6b491c96eda01837f430bd47f0d26702d6e3 0.0s done
#3 extracting sha256:25ff2da83641908f65c3a74d80409d6b1b62ccfaab220b9ea70b80df5a2e0549 0.0s done
#3 ...

#4 [builder 2/6] WORKDIR /app
#4 DONE 0.2s

#5 [builder 3/6] COPY package*.json ./
#5 DONE 0.0s

#6 [runner 3/8] RUN addgroup --system --gid 1001 nodejs
#6 DONE 0.2s

#7 [runner 4/8] RUN adduser --system --uid 1001 nextjs
#7 DONE 0.5s

#8 [internal] load .dockerignore
#8 transferring context: 458B done
#8 DONE 0.0s

#9 [internal] load build context
#9 transferring context: 655.93kB 0.0s done
#9 DONE 0.0s

#10 [builder 4/6] RUN npm install
