Building web
#0 building with "desktop-linux" instance using docker driver

#1 [internal] load build definition from Dockerfile
#1 transferring dockerfile: 1.42kB done
#1 DONE 0.0s

#2 [internal] load metadata for docker.io/library/node:18-alpine
#2 DONE 1.3s

#3 [internal] load .dockerignore
#3 transferring context: 532B done
#3 DONE 0.0s

#4 [base 1/1] FROM docker.io/library/node:18-alpine@sha256:8d6421d663b4c28fd3ebc498332f249011d118945588d0a35cb9bc4b8ca09d9e
#4 resolve docker.io/library/node:18-alpine@sha256:8d6421d663b4c28fd3ebc498332f249011d118945588d0a35cb9bc4b8ca09d9e 0.0s done
#4 DONE 0.0s

#5 [builder 1/4] WORKDIR /app
#5 CACHED

#6 [runner 2/8] RUN addgroup --system --gid 1001 nodejs
#6 CACHED

#7 [runner 3/8] RUN adduser --system --uid 1001 nextjs
#7 CACHED

#8 [internal] load build context
#8 transferring context: 46.51kB done
#8 DONE 0.0s

#9 [deps 1/4] RUN apk add --no-cache libc6-compat
#9 CACHED

#10 [deps 2/4] WORKDIR /app
#10 CACHED

#11 [deps 3/4] COPY package.json package-lock.json ./
#11 CACHED

#12 [deps 4/4] RUN npm ci
#12 CACHED

#13 [builder 2/4] COPY --from=deps /app/node_modules ./node_modules
#13 CACHED

#14 [builder 3/4] COPY . .
#14 DONE 0.0s

#15 [builder 4/4] RUN NEXT_PUBLIC_API_URL=http://api:8000 npm run build
#15 0.489 
#15 0.489 > convis-web@0.1.0 build
#15 0.489 > next build --turbopack
#15 0.489 
#15 1.428    ▲ Next.js 15.5.4 (Turbopack)
#15 1.429 
#15 1.458    Creating an optimized production build ...
#15 11.45  ✓ Finished writing to disk in 33ms
#15 11.47  ✓ Compiled successfully in 9.3s
#15 11.47    Skipping validation of types
#15 11.47    Skipping linting
#15 11.76    Collecting page data ...
#15 12.81    Generating static pages (0/15) ...
#15 13.58    Generating static pages (3/15) 
#15 13.58    Generating static pages (7/15) 
#15 13.77    Generating static pages (11/15) 
#15 13.77  ✓ Generating static pages (15/15)
#15 14.09    Finalizing page optimization ...
#15 14.09    Collecting build traces ...
#15 27.38 
#15 27.39 Route (app)                         Size  First Load JS
#15 27.39 ┌ ○ /                                0 B         115 kB
#15 27.39 ├ ○ /_not-found                      0 B         115 kB
#15 27.39 ├ ○ /ai-agent                    14.7 kB         187 kB
#15 27.39 ├ ○ /auth/callback               1.53 kB         117 kB
#15 27.39 ├ ○ /campaigns                   12.7 kB         183 kB
#15 27.39 ├ ƒ /campaigns/[campaignId]      19.5 kB         190 kB
#15 27.39 ├ ƒ /connect-calendar            2.49 kB         173 kB
#15 27.39 ├ ○ /dashboard                   6.63 kB         177 kB
#15 27.39 ├ ○ /login                       6.68 kB         177 kB
#15 27.39 ├ ○ /phone-numbers               12.9 kB         186 kB
#15 27.39 ├ ○ /register                    6.87 kB         177 kB
#15 27.39 ├ ○ /settings                    16.3 kB         187 kB
#15 27.39 └ ƒ /verify-email                3.47 kB         118 kB
#15 27.39 + First Load JS shared by all     132 kB
#15 27.39   ├ chunks/150316a471952cee.js   59.2 kB
#15 27.39   ├ chunks/2008ffcf9e5b170c.js     13 kB
#15 27.39   ├ chunks/5a50ee1d1bd5f6b0.js   10.9 kB
#15 27.39   ├ chunks/8082ab48faca5ea1.js   17.2 kB
#15 27.39   ├ chunks/bb85c566db114c7e.css  15.9 kB
#15 27.39   └ other shared chunks (total)  15.5 kB
#15 27.39 
#15 27.39 
#15 27.39 ○  (Static)   prerendered as static content
#15 27.39 ƒ  (Dynamic)  server-rendered on demand
#15 27.39 
#15 27.41 npm notice
#15 27.41 npm notice New major version of npm available! 10.8.2 -> 11.6.2
#15 27.41 npm notice Changelog: https://github.com/npm/cli/releases/tag/v11.6.2
#15 27.41 npm notice To update run: npm install -g npm@11.6.2
#15 27.41 npm notice
#15 DONE 27.5s

#16 [runner 4/8] COPY --from=builder /app/public ./public
#16 DONE 0.0s

#17 [runner 5/8] RUN mkdir .next
#17 DONE 0.1s

#18 [runner 6/8] RUN chown nextjs:nodejs .next
#18 DONE 0.2s

#19 [runner 7/8] COPY --from=builder --chown=nextjs:nodejs /app/.next/standalone ./
#19 DONE 0.5s

#20 [runner 8/8] COPY --from=builder --chown=nextjs:nodejs /app/.next/static ./.next/static
#20 DONE 0.1s

#21 exporting to image
#21 exporting layers
#21 exporting layers 2.2s done
#21 exporting manifest sha256:54072150ebece80ee1df89d90bd04280153a862e0c2429886dbba8560527e5b6 done
#21 exporting config sha256:09b0b93ac456cf0f8c8fed72cfc065165de3e407d95416ad2a2ae2a090f05f94 done
#21 exporting attestation manifest sha256:1d10c7c63bab77445c8890496be5093ad908e6aaae85a2fee75f7941fb5ece5b 0.0s done
#21 exporting manifest list sha256:d5ae6572bb284b266f40a425caeefef5cac82fa303357e4dd0c73531073fc9d8 done
#21 naming to docker.io/library/convis-main_web:latest done
#21 unpacking to docker.io/library/convis-main_web:latest
#21 unpacking to docker.io/library/convis-main_web:latest 0.7s done
#21 DONE 3.0s

View build details: docker-desktop://dashboard/build/desktop-linux/desktop-linux/6x1e2odgdviqkuesf69fwtvjx
